<?xml version="1.0" encoding="UTF-8"?>
<!-- Generated by org.testng.reporters.JUnitReportReporter -->
<testsuite hostname="Rajeev" name="com.inetBanking.testCase.TC_HomePage_Arrival_002" tests="1" failures="0" timestamp="14 Sep 2020 10:28:23 GMT" time="16.173" errors="0">
  <testcase name="HomePageArrivalCkeck" time="16.173" classname="com.inetBanking.testCase.TC_HomePage_Arrival_002"/>
</testsuite> <!-- com.inetBanking.testCase.TC_HomePage_Arrival_002 -->
