<?xml version="1.0" encoding="UTF-8"?>
<!-- Generated by org.testng.reporters.JUnitReportReporter -->
<testsuite hostname="Rajeev" name="com.inetBanking.testCase.TC_AddNewCustomer_002" tests="1" failures="0" timestamp="5 Sep 2020 09:57:15 GMT" time="15.717" errors="0">
  <testcase name="AddCustomer" time="15.717" classname="com.inetBanking.testCase.TC_AddNewCustomer_002"/>
</testsuite> <!-- com.inetBanking.testCase.TC_AddNewCustomer_002 -->
