<?xml version="1.0" encoding="UTF-8"?>
<!-- Generated by org.testng.reporters.JUnitReportReporter -->
<testsuite hostname="Rajeev" name="com.inetBanking.testCase.TC_LoginTest_001" tests="1" failures="0" timestamp="15 Sep 2020 09:08:34 GMT" time="14.212" errors="0">
  <testcase name="loginTest" time="14.212" classname="com.inetBanking.testCase.TC_LoginTest_001"/>
</testsuite> <!-- com.inetBanking.testCase.TC_LoginTest_001 -->
