<?xml version="1.0" encoding="UTF-8"?>
<!-- Generated by org.testng.reporters.JUnitReportReporter -->
<testsuite hostname="Rajeev" name="com.inetBanking.testCase.TC_HomePage_slider_001" tests="1" failures="0" timestamp="14 Sep 2020 10:28:22 GMT" time="17.658" errors="0">
  <testcase name="HomePageSliderCheck" time="17.658" classname="com.inetBanking.testCase.TC_HomePage_slider_001"/>
</testsuite> <!-- com.inetBanking.testCase.TC_HomePage_slider_001 -->
