<?xml version="1.0" encoding="UTF-8"?>
<!-- Generated by org.testng.reporters.JUnitReportReporter -->
<testsuite hostname="Rajeev" name="com.inetBanking.testCase.TC_IRCTCtest" tests="1" failures="0" timestamp="17 Sep 2020 07:20:44 GMT" time="115.012" errors="0">
  <testcase name="IrctcHomePage" time="115.012" classname="com.inetBanking.testCase.TC_IRCTCtest"/>
</testsuite> <!-- com.inetBanking.testCase.TC_IRCTCtest -->
