<?xml version="1.0" encoding="UTF-8"?>
<!-- Generated by org.testng.reporters.JUnitReportReporter -->
<testsuite hostname="Rajeev" name="com.inetBanking.testCase.TC_HomePage_006" tests="1" failures="0" timestamp="14 Sep 2020 11:31:02 GMT" time="62.145" errors="0">
  <testcase name="AddToBasket" time="62.145" classname="com.inetBanking.testCase.TC_HomePage_006"/>
</testsuite> <!-- com.inetBanking.testCase.TC_HomePage_006 -->
