<?xml version="1.0" encoding="UTF-8"?>
<!-- Generated by org.testng.reporters.JUnitReportReporter -->
<testsuite skipped="0" hostname="Rajeev" name="com.inetBanking.testCase.TC_HomePage_Arrival_002" tests="1" failures="0" timestamp="15 Sep 2020 19:33:11 GMT" time="13.731" errors="0">
  <testcase name="HomePageArrivalCkeck" time="13.731" classname="com.inetBanking.testCase.TC_HomePage_Arrival_002"/>
</testsuite> <!-- com.inetBanking.testCase.TC_HomePage_Arrival_002 -->
