<?xml version="1.0" encoding="UTF-8"?>
<!-- Generated by org.testng.reporters.JUnitReportReporter -->
<testsuite skipped="0" hostname="Rajeev" name="com.inetBanking.testCase.TC_HomePage_slider_001" tests="1" failures="0" timestamp="15 Sep 2020 19:33:11 GMT" time="15.207" errors="0">
  <testcase name="HomePageSliderCheck" time="15.207" classname="com.inetBanking.testCase.TC_HomePage_slider_001"/>
</testsuite> <!-- com.inetBanking.testCase.TC_HomePage_slider_001 -->
