<?xml version="1.0" encoding="UTF-8"?>
<!-- Generated by org.testng.reporters.JUnitReportReporter -->
<testsuite skipped="0" hostname="Rajeev" name="com.inetBanking.testCase.TC_LoginTest_001" tests="1" failures="0" timestamp="15 Sep 2020 19:33:11 GMT" time="22.427" errors="0">
  <testcase name="loginTest" time="22.427" classname="com.inetBanking.testCase.TC_LoginTest_001"/>
</testsuite> <!-- com.inetBanking.testCase.TC_LoginTest_001 -->
