<?xml version="1.0" encoding="UTF-8"?>
<!-- Generated by org.testng.reporters.JUnitReportReporter -->
<testsuite skipped="0" hostname="Rajeev" name="com.inetBanking.testCase.TC_HomePage_006" tests="1" failures="0" timestamp="15 Sep 2020 19:33:11 GMT" time="57.567" errors="0">
  <testcase name="AddToBasket" time="57.567" classname="com.inetBanking.testCase.TC_HomePage_006"/>
</testsuite> <!-- com.inetBanking.testCase.TC_HomePage_006 -->
